[0m[[0m[0mdebug[0m] [0m[0m> Exec(;set _root_.scala.collection.Seq(historyPath := None,shellPrompt := { _ => "" },SettingKey[_root_.scala.Option[_root_.sbt.File]]("sbtStructureOutputFile") in _root_.sbt.Global := _root_.scala.Some(_root_.sbt.file("C:/Users/ADMIN/AppData/Local/Temp/sbt-structure.xml")),SettingKey[_root_.java.lang.String]("sbtStructureOptions") in _root_.sbt.Global := "download, resolveClassifiers, resolveSbtClassifiers");apply -cp "C:/Users/ADMIN/AppData/Roaming/JetBrains/IdeaIC2021.2/plugins/Scala/repo/org/jetbrains/scala/sbt-structure-extractor_2.12_1.0/2021.1.1/sbt-structure-extractor-2021.1.1.jar" org.jetbrains.sbt.CreateTasks;*/*:dumpStructure, Some(d0e8abfe-308a-48f8-afde-abbeb90d0e79), Some(CommandSource(console0)))[0m
[0m[[0m[0mdebug[0m] [0m[0m> Exec(set _root_.scala.collection.Seq(historyPath := None,shellPrompt := { _ => "" },SettingKey[_root_.scala.Option[_root_.sbt.File]]("sbtStructureOutputFile") in _root_.sbt.Global := _root_.scala.Some(_root_.sbt.file("C:/Users/ADMIN/AppData/Local/Temp/sbt-structure.xml")),SettingKey[_root_.java.lang.String]("sbtStructureOptions") in _root_.sbt.Global := "download, resolveClassifiers, resolveSbtClassifiers"), None, Some(CommandSource(console0)))[0m
[0m[[0m[0minfo[0m] [0m[0mDefining Global / sbtStructureOptions, Global / sbtStructureOutputFile and 1 others.[0m
[0m[[0m[0minfo[0m] [0m[0mThe new values will be used by cleanKeepGlobs[0m
[0m[[0m[0minfo[0m] [0m[0m	Run `last` for details.[0m
[0m[[0m[0mdebug[0m] [0m[0mDefining [0m
[0m[[0m[0mdebug[0m] [0m[0m	Global / sbtStructureOptions[0m
[0m[[0m[0mdebug[0m] [0m[0m	Global / sbtStructureOutputFile[0m
[0m[[0m[0mdebug[0m] [0m[0m	history[0m
[0m[[0m[0mdebug[0m] [0m[0m	shellPrompt[0m
[0m[[0m[0mdebug[0m] [0m[0m[0m
[0m[[0m[0mdebug[0m] [0m[0mThe new values will be used by [0m
[0m[[0m[0mdebug[0m] [0m[0m	cleanKeepGlobs[0m
[0m[[0m[0minfo[0m] [0m[0mReapplying settings...[0m
[0m[[0m[0minfo[0m] [0m[0mset current project to Projet biblio (in build file:/C:/Users/ADMIN/IdeaProjects/Projet%20biblio/)[0m
[0m[[0m[0mdebug[0m] [0m[0m> Exec(apply -cp "C:/Users/ADMIN/AppData/Roaming/JetBrains/IdeaIC2021.2/plugins/Scala/repo/org/jetbrains/scala/sbt-structure-extractor_2.12_1.0/2021.1.1/sbt-structure-extractor-2021.1.1.jar" org.jetbrains.sbt.CreateTasks, None, Some(CommandSource(console0)))[0m
[0m[[0m[0minfo[0m] [0m[0mApplying State transformations org.jetbrains.sbt.CreateTasks from C:/Users/ADMIN/AppData/Roaming/JetBrains/IdeaIC2021.2/plugins/Scala/repo/org/jetbrains/scala/sbt-structure-extractor_2.12_1.0/2021.1.1/sbt-structure-extractor-2021.1.1.jar[0m
[0m[[0m[0minfo[0m] [0m[0mReapplying settings...[0m
[0m[[0m[0minfo[0m] [0m[0mset current project to Projet biblio (in build file:/C:/Users/ADMIN/IdeaProjects/Projet%20biblio/)[0m
[0m[[0m[0mdebug[0m] [0m[0m> Exec(*/*:dumpStructure, None, Some(CommandSource(console0)))[0m
[0m[[0m[0mdebug[0m] [0m[0mEvaluating tasks: Global / dumpStructure[0m
[0m[[0m[33mwarn[0m] [0m[0msbt 0.13 shell syntax is deprecated; use slash syntax instead: Global / dumpStructure[0m
[0m[[0m[0mdebug[0m] [0m[0mRunning task... Cancel: Signal, check cycles: false, forcegc: true[0m
[0m[[0m[0minfo[0m] [0m[0mWriting structure to C:\Users\ADMIN\AppData\Local\Temp\sbt-structure.xml...[0m
[0m[[0m[0minfo[0m] [0m[0mDone.[0m
[0m[[0m[32msuccess[0m] [0m[0mTotal time: 7 s, completed 31 oct. 2023, 00:01:27[0m
[0m[[0m[0mdebug[0m] [0m[0m> Exec(shell, None, None)[0m
[0m[[0m[0mdebug[0m] [0m[0mForcing garbage collection...[0m
